[12/12/2020 02:05:26 PM] INFO in node_warden: Starting main program...
[12/12/2020 02:05:27 PM] INFO in node_warden: Tor Connected
[12/12/2020 02:12:08 PM] INFO in node_warden: Starting main program...
[12/12/2020 02:12:09 PM] INFO in node_warden: Tor Connected
[12/12/2020 02:17:01 PM] INFO in node_warden: Starting main program...
[12/12/2020 02:17:02 PM] INFO in node_warden: Tor Connected
[12/12/2020 02:23:06 PM] INFO in node_warden: Starting main program...
[12/12/2020 02:23:07 PM] INFO in node_warden: Tor Connected
[12/12/2020 02:24:02 PM] INFO in node_warden: Starting main program...
[12/12/2020 02:24:03 PM] INFO in node_warden: Tor Connected
[12/12/2020 02:24:47 PM] INFO in node_warden: Starting main program...
[12/12/2020 02:24:49 PM] INFO in node_warden: Tor Connected
[12/12/2020 02:25:09 PM] INFO in node_warden: Starting main program...
[12/12/2020 02:25:11 PM] INFO in node_warden: Tor Connected
[12/12/2020 02:25:29 PM] INFO in node_warden: Starting main program...
[12/12/2020 02:25:30 PM] INFO in node_warden: Tor Connected
[12/12/2020 02:25:44 PM] INFO in node_warden: Starting main program...
[12/12/2020 02:25:46 PM] INFO in node_warden: Tor Connected
[12/12/2020 02:25:59 PM] INFO in node_warden: Starting main program...
[12/12/2020 02:26:00 PM] INFO in node_warden: Tor Connected
[12/12/2020 02:42:28 PM] INFO in node_warden: Starting main program...
[12/12/2020 02:42:30 PM] INFO in node_warden: Tor Connected
[12/12/2020 02:52:33 PM] INFO in node_warden: Starting main program...
[12/12/2020 02:52:35 PM] INFO in node_warden: Tor Connected
[12/12/2020 03:00:45 PM] INFO in node_warden: Starting main program...
[12/12/2020 03:00:47 PM] INFO in node_warden: Tor Connected
[12/12/2020 03:08:43 PM] INFO in node_warden: Starting main program...
[12/12/2020 03:08:44 PM] INFO in node_warden: Tor Connected
[12/12/2020 03:16:36 PM] INFO in node_warden: Starting main program...
[12/12/2020 03:16:38 PM] INFO in node_warden: Tor Connected
[12/12/2020 03:24:17 PM] INFO in node_warden: Starting main program...
[12/12/2020 03:24:20 PM] INFO in node_warden: Tor Connected
[12/12/2020 03:32:12 PM] INFO in node_warden: Starting main program...
[12/12/2020 03:32:13 PM] INFO in node_warden: Tor Connected
[12/12/2020 03:56:49 PM] INFO in node_warden: Starting main program...
[12/12/2020 03:56:51 PM] INFO in node_warden: Tor Connected
[12/12/2020 04:17:03 PM] INFO in node_warden: Starting main program...
[12/12/2020 04:17:04 PM] INFO in node_warden: Tor Connected
[12/12/2020 04:22:24 PM] INFO in node_warden: Starting main program...
[12/12/2020 04:22:26 PM] INFO in node_warden: Tor Connected
[12/12/2020 04:40:33 PM] INFO in node_warden: Starting main program...
[12/12/2020 04:40:35 PM] INFO in node_warden: Tor Connected
[12/12/2020 05:07:24 PM] INFO in node_warden: Starting main program...
[12/12/2020 05:07:26 PM] INFO in node_warden: Tor Connected
[12/12/2020 05:42:47 PM] INFO in node_warden: Starting main program...
[12/12/2020 05:42:48 PM] INFO in node_warden: Tor Connected
[12/13/2020 06:58:58 AM] INFO in node_warden: Starting main program...
[12/13/2020 06:59:00 AM] INFO in node_warden: Tor Connected
[12/13/2020 07:10:42 AM] INFO in node_warden: Starting main program...
[12/13/2020 07:10:44 AM] INFO in node_warden: Tor Connected
[12/13/2020 07:11:34 AM] INFO in node_warden: Starting main program...
[12/13/2020 07:11:36 AM] INFO in node_warden: Tor Connected
[12/13/2020 07:14:02 AM] INFO in node_warden: Starting main program...
[12/13/2020 07:14:03 AM] INFO in node_warden: Tor Connected
[12/13/2020 07:14:32 AM] INFO in node_warden: Starting main program...
[12/13/2020 07:14:34 AM] INFO in node_warden: Tor Connected
[12/13/2020 07:17:10 AM] INFO in node_warden: Starting main program...
[12/13/2020 07:17:11 AM] INFO in node_warden: Tor Connected
[12/13/2020 07:17:51 AM] INFO in node_warden: Starting main program...
[12/13/2020 07:17:53 AM] INFO in node_warden: Tor Connected
[12/13/2020 07:21:50 AM] INFO in node_warden: Starting main program...
[12/13/2020 07:21:52 AM] INFO in node_warden: Tor Connected
[12/13/2020 07:23:19 AM] INFO in node_warden: Starting main program...
[12/13/2020 07:23:21 AM] INFO in node_warden: Tor Connected
[12/13/2020 07:24:07 AM] INFO in node_warden: Starting main program...
[12/13/2020 07:24:09 AM] INFO in node_warden: Tor Connected
[12/13/2020 07:27:19 AM] INFO in node_warden: Starting main program...
[12/13/2020 07:27:21 AM] INFO in node_warden: Tor Connected
[12/13/2020 07:30:18 AM] INFO in node_warden: Starting main program...
[12/13/2020 07:30:21 AM] INFO in node_warden: Tor Connected
[12/13/2020 07:30:39 AM] INFO in node_warden: Starting main program...
[12/13/2020 07:30:41 AM] INFO in node_warden: Tor Connected
[12/13/2020 07:31:13 AM] INFO in node_warden: Starting main program...
[12/13/2020 07:31:15 AM] INFO in node_warden: Tor Connected
[12/13/2020 07:31:30 AM] INFO in node_warden: Starting main program...
[12/13/2020 07:31:31 AM] INFO in node_warden: Tor Connected
[12/13/2020 07:31:48 AM] INFO in node_warden: Starting main program...
[12/13/2020 07:31:49 AM] INFO in node_warden: Tor Connected
[12/13/2020 07:32:36 AM] INFO in node_warden: Starting main program...
[12/13/2020 07:32:38 AM] INFO in node_warden: Tor Connected
[12/13/2020 07:42:36 AM] INFO in node_warden: Starting main program...
[12/13/2020 07:42:38 AM] INFO in node_warden: Tor Connected
[12/13/2020 08:16:21 AM] INFO in node_warden: Starting main program...
[12/13/2020 08:16:23 AM] INFO in node_warden: Tor Connected
[12/13/2020 08:23:24 AM] INFO in node_warden: Starting main program...
[12/13/2020 08:23:25 AM] INFO in node_warden: Tor Connected
[12/13/2020 08:24:19 AM] INFO in node_warden: Starting main program...
[12/13/2020 08:24:20 AM] INFO in node_warden: Tor Connected
[12/13/2020 08:38:51 AM] INFO in node_warden: Starting main program...
[12/13/2020 08:38:53 AM] INFO in node_warden: Tor Connected
[12/13/2020 08:54:30 AM] INFO in node_warden: Starting main program...
[12/13/2020 08:54:32 AM] INFO in node_warden: Tor Connected
[12/13/2020 09:04:12 AM] INFO in node_warden: Starting main program...
[12/13/2020 09:04:13 AM] INFO in node_warden: Tor Connected
[12/13/2020 09:04:37 AM] INFO in node_warden: Starting main program...
[12/13/2020 09:04:38 AM] INFO in node_warden: Tor Connected
[12/13/2020 09:14:00 AM] INFO in node_warden: Starting main program...
[12/13/2020 09:14:04 AM] INFO in node_warden: Tor Connected
[12/13/2020 11:31:26 AM] INFO in node_warden: Starting main program...
[12/13/2020 11:31:28 AM] INFO in node_warden: Tor Connected
[12/13/2020 11:32:20 AM] INFO in node_warden: Starting main program...
[12/13/2020 11:32:22 AM] INFO in node_warden: Tor Connected
[12/13/2020 11:33:25 AM] INFO in node_warden: Starting main program...
[12/13/2020 11:33:26 AM] INFO in node_warden: Tor Connected
[12/13/2020 11:33:36 AM] INFO in node_warden: Starting main program...
[12/13/2020 11:33:38 AM] INFO in node_warden: Tor Connected
[12/13/2020 11:33:53 AM] INFO in node_warden: Starting main program...
[12/13/2020 11:33:54 AM] INFO in node_warden: Tor Connected
[12/13/2020 11:34:10 AM] INFO in node_warden: Starting main program...
[12/13/2020 11:34:11 AM] INFO in node_warden: Tor Connected
[12/13/2020 11:34:28 AM] INFO in node_warden: Starting main program...
[12/13/2020 11:34:30 AM] INFO in node_warden: Tor Connected
[12/13/2020 11:35:29 AM] INFO in node_warden: Starting main program...
[12/13/2020 11:35:31 AM] INFO in node_warden: Tor Connected
[12/13/2020 11:35:55 AM] INFO in node_warden: Starting main program...
[12/13/2020 11:35:56 AM] INFO in node_warden: Tor Connected
[12/13/2020 11:36:19 AM] INFO in node_warden: Starting main program...
[12/13/2020 11:36:20 AM] INFO in node_warden: Tor Connected
[12/13/2020 11:37:08 AM] INFO in node_warden: Starting main program...
[12/13/2020 11:37:09 AM] INFO in node_warden: Tor Connected
[12/13/2020 11:38:05 AM] INFO in node_warden: Starting main program...
[12/13/2020 11:38:06 AM] INFO in node_warden: Tor Connected
[12/13/2020 11:38:27 AM] INFO in node_warden: Starting main program...
[12/13/2020 11:38:29 AM] INFO in node_warden: Tor Connected
[12/13/2020 11:38:40 AM] INFO in node_warden: Starting main program...
[12/13/2020 11:38:42 AM] INFO in node_warden: Tor Connected
[12/13/2020 11:39:36 AM] INFO in node_warden: Starting main program...
[12/13/2020 11:39:37 AM] INFO in node_warden: Tor Connected
[12/13/2020 11:50:42 AM] INFO in node_warden: Starting main program...
[12/13/2020 11:50:44 AM] INFO in node_warden: Tor Connected
[12/13/2020 11:51:55 AM] INFO in node_warden: Starting main program...
[12/13/2020 11:51:57 AM] INFO in node_warden: Tor Connected
[12/13/2020 11:58:19 AM] INFO in node_warden: Starting main program...
[12/13/2020 11:58:20 AM] INFO in node_warden: Tor Connected
[12/13/2020 11:58:29 AM] INFO in node_warden: Starting main program...
[12/13/2020 11:58:31 AM] INFO in node_warden: Tor Connected
[12/13/2020 12:00:21 PM] INFO in node_warden: Starting main program...
[12/13/2020 12:00:23 PM] INFO in node_warden: Tor Connected
[12/13/2020 12:00:31 PM] INFO in node_warden: Starting main program...
[12/13/2020 12:00:32 PM] INFO in node_warden: Tor Connected
[12/13/2020 12:04:24 PM] INFO in node_warden: Starting main program...
[12/13/2020 12:04:26 PM] INFO in node_warden: Tor Connected
[12/13/2020 12:05:04 PM] INFO in node_warden: Starting main program...
[12/13/2020 12:05:06 PM] INFO in node_warden: Tor Connected
[12/13/2020 12:05:18 PM] INFO in node_warden: Starting main program...
[12/13/2020 12:05:20 PM] INFO in node_warden: Tor Connected
[12/13/2020 12:10:53 PM] INFO in node_warden: Starting main program...
[12/13/2020 12:10:55 PM] INFO in node_warden: Tor Connected
[12/13/2020 12:10:55 PM] INFO in dashboard: Refreshing in <function main_dashboard.<locals>.refresh at 0x1102d9bf8> seconds
[12/13/2020 12:11:14 PM] INFO in node_warden: Starting main program...
[12/13/2020 12:11:16 PM] INFO in node_warden: Tor Connected
[12/13/2020 12:11:16 PM] INFO in dashboard: Refreshing in <function main_dashboard.<locals>.refresh at 0x10faf3bf8> seconds
[12/13/2020 12:12:02 PM] INFO in node_warden: Starting main program...
[12/13/2020 12:12:03 PM] INFO in node_warden: Tor Connected
[12/13/2020 12:12:36 PM] INFO in node_warden: Starting main program...
[12/13/2020 12:12:38 PM] INFO in node_warden: Tor Connected
[12/13/2020 12:14:03 PM] INFO in node_warden: Starting main program...
[12/13/2020 12:14:05 PM] INFO in node_warden: Tor Connected
[12/13/2020 12:16:45 PM] INFO in node_warden: Starting main program...
[12/13/2020 12:16:47 PM] INFO in node_warden: Tor Connected
[12/13/2020 12:20:06 PM] ERROR in dashboard: No weighted widgets found for Pile treated as a box widget
[12/13/2020 12:34:12 PM] INFO in node_warden: Starting main program...
[12/13/2020 12:34:13 PM] INFO in node_warden: Tor Connected
[12/13/2020 05:21:04 PM] ERROR in dashboard: No weighted widgets found for Pile treated as a box widget
[12/13/2020 05:21:06 PM] INFO in node_warden: Starting main program...
[12/13/2020 05:21:08 PM] INFO in node_warden: Tor Connected
[12/13/2020 05:26:02 PM] INFO in node_warden: Starting main program...
[12/13/2020 05:26:04 PM] INFO in node_warden: Tor Connected
[12/13/2020 05:26:04 PM] ERROR in dashboard: free variable 'job_list' referenced before assignment in enclosing scope
[12/13/2020 05:28:14 PM] INFO in node_warden: Starting main program...
[12/13/2020 05:28:16 PM] INFO in node_warden: Tor Connected
[12/13/2020 05:32:14 PM] INFO in node_warden: Starting main program...
[12/13/2020 05:32:15 PM] INFO in node_warden: Tor Connected
[12/13/2020 05:34:04 PM] ERROR in dashboard: No weighted widgets found for Pile treated as a box widget
[12/13/2020 05:37:15 PM] INFO in node_warden: Starting main program...
[12/13/2020 05:37:16 PM] INFO in node_warden: Tor Connected
[12/13/2020 05:45:50 PM] ERROR in dashboard: No weighted widgets found for Pile treated as a box widget
[12/13/2020 05:50:15 PM] INFO in node_warden: Starting main program...
[12/13/2020 05:50:16 PM] INFO in node_warden: Tor Connected
[12/13/2020 05:50:33 PM] INFO in node_warden: Starting main program...
[12/13/2020 05:50:34 PM] INFO in node_warden: Tor Connected
[12/13/2020 05:51:14 PM] INFO in node_warden: Starting main program...
[12/13/2020 05:51:16 PM] INFO in node_warden: Tor Connected
[12/13/2020 05:51:25 PM] INFO in node_warden: Starting main program...
[12/13/2020 05:51:27 PM] INFO in node_warden: Tor Connected
[12/13/2020 05:51:36 PM] INFO in node_warden: Starting main program...
[12/13/2020 05:51:37 PM] INFO in node_warden: Tor Connected
[12/13/2020 05:51:45 PM] INFO in node_warden: Starting main program...
[12/13/2020 05:51:47 PM] INFO in node_warden: Tor Connected
[12/13/2020 05:51:57 PM] INFO in node_warden: Starting main program...
[12/13/2020 05:51:59 PM] INFO in node_warden: Tor Connected
[12/13/2020 06:02:35 PM] INFO in data: Mempool
[12/13/2020 06:03:05 PM] INFO in data: Mempool
[12/13/2020 06:04:03 PM] INFO: Starting main program...
[12/13/2020 06:04:04 PM] INFO: Tor Connected
[12/13/2020 06:05:29 PM] INFO: [32mA new Bitcoin Block was just found. Tick. Tock. Next block.[0m
[12/13/2020 06:07:41 PM] INFO: Starting main program...
[12/13/2020 06:07:43 PM] INFO: Tor Connected
[12/13/2020 06:08:04 PM] INFO: Starting main program...
[12/13/2020 06:08:05 PM] INFO: Tor Connected
[12/13/2020 06:08:16 PM] INFO: Starting main program...
[12/13/2020 06:08:17 PM] INFO: Tor Connected
[12/13/2020 06:09:33 PM] INFO: [37m-------------------------------------------[0m
[12/13/2020 06:09:33 PM] INFO: [37mStarting main program...[0m
[12/13/2020 06:09:34 PM] INFO: Tor Connected
[12/13/2020 06:09:57 PM] INFO: [32mA new Bitcoin Block was just found. Tick. Tock. Next block.[0m
[12/13/2020 06:10:17 PM] INFO: [37m-------------------------------------------[0m
[12/13/2020 06:10:17 PM] INFO: [37mStarting main program...[0m
[12/13/2020 06:10:19 PM] INFO: [32mTor Connected[0m
[12/13/2020 06:11:13 PM] INFO: [32mA new Bitcoin Block was just found. Tick. Tock. Next block.[0m
[12/13/2020 06:14:15 PM] INFO: [32mA new Bitcoin Block was just found <> [0m[37mTick. Tock. Next block.[0m
[12/13/2020 06:17:25 PM] [37m-------------------------------------------[0m
[12/13/2020 06:17:25 PM] [37mStarting main program...[0m
[12/13/2020 06:17:26 PM] [32mTor Connected[0m
[12/13/2020 06:22:09 PM] [37m-------------------------------------------[0m
[12/13/2020 06:22:09 PM] [37mStarting main program...[0m
[12/13/2020 06:22:11 PM] [32mTor Connected[0m
[12/13/2020 06:22:32 PM] [37m-------------------------------------------[0m
[12/13/2020 06:22:32 PM] [37mStarting main program...[0m
[12/13/2020 06:22:34 PM] [32mTor Connected[0m
[12/13/2020 06:24:43 PM] [37m-------------------------------------------[0m
[12/13/2020 06:24:43 PM] [37mStarting main program...[0m
[12/13/2020 06:24:44 PM] [32mTor Connected[0m
[12/13/2020 06:25:18 PM] [37m-------------------------------------------[0m
[12/13/2020 06:25:18 PM] [37mStarting main program...[0m
[12/13/2020 06:25:19 PM] [32mTor Connected[0m
[12/13/2020 06:27:43 PM] [MEMPOOL][32mA new Bitcoin Block was just found. [0m[37m'Tick. Tock. Next block.'[0m
[12/13/2020 06:34:33 PM] [NGU] Pump it. Bitcoin up [32m+1.96 %[0m. 🚀
[12/13/2020 06:34:33 PM] [NGU] Pump it. Bitcoin up [32m+1.59 %[0m. 🚀
[12/13/2020 06:34:33 PM] [NGU] Pump it. Bitcoin up [32m+0.68 %[0m. 🚀
[12/13/2020 06:34:33 PM] [NGU] Pump it. Bitcoin up [32m+0.88 %[0m. 🚀
[12/13/2020 06:34:33 PM] [NGU] Pump it. Bitcoin up [32m+1.60 %[0m. 🚀
[12/13/2020 06:34:47 PM] [NGU] Pump it. Bitcoin up [32m+1.93 %[0m. 🚀
[12/13/2020 06:34:47 PM] [NGU] Pump it. Bitcoin up [32m+1.58 %[0m. 🚀
[12/13/2020 06:34:47 PM] [NGU] Pump it. Bitcoin up [32m+0.68 %[0m. 🚀
[12/13/2020 06:34:47 PM] [NGU] Pump it. Bitcoin up [32m+0.83 %[0m. 🚀
[12/13/2020 06:34:47 PM] [NGU] Pump it. Bitcoin up [32m+1.60 %[0m. 🚀
[12/13/2020 06:35:02 PM] [NGU] Pump it. Bitcoin up [32m+1.93 %[0m. 🚀
[12/13/2020 06:35:02 PM] [NGU] Pump it. Bitcoin up [32m+1.57 %[0m. 🚀
[12/13/2020 06:35:02 PM] [NGU] Pump it. Bitcoin up [32m+0.68 %[0m. 🚀
[12/13/2020 06:35:02 PM] [NGU] Pump it. Bitcoin up [32m+0.82 %[0m. 🚀
[12/13/2020 06:35:02 PM] [NGU] Pump it. Bitcoin up [32m+1.60 %[0m. 🚀
[12/13/2020 06:35:17 PM] [NGU] Pump it. Bitcoin up [32m+1.92 %[0m. 🚀
[12/13/2020 06:35:17 PM] [NGU] Pump it. Bitcoin up [32m+1.55 %[0m. 🚀
[12/13/2020 06:35:17 PM] [NGU] Pump it. Bitcoin up [32m+0.68 %[0m. 🚀
[12/13/2020 06:35:17 PM] [NGU] Pump it. Bitcoin up [32m+0.82 %[0m. 🚀
[12/13/2020 06:35:17 PM] [NGU] Pump it. Bitcoin up [32m+1.60 %[0m. 🚀
[12/13/2020 06:35:33 PM] [NGU] Pump it. Bitcoin up [32m+1.92 %[0m. 🚀
[12/13/2020 06:35:33 PM] [NGU] Pump it. Bitcoin up [32m+1.56 %[0m. 🚀
[12/13/2020 06:35:33 PM] [NGU] Pump it. Bitcoin up [32m+0.68 %[0m. 🚀
[12/13/2020 06:35:33 PM] [NGU] Pump it. Bitcoin up [32m+0.82 %[0m. 🚀
[12/13/2020 06:35:33 PM] [NGU] Pump it. Bitcoin up [32m+1.60 %[0m. 🚀
[12/13/2020 06:35:47 PM] [NGU] Pump it. Bitcoin up [32m+1.92 %[0m. 🚀
[12/13/2020 06:35:47 PM] [NGU] Pump it. Bitcoin up [32m+1.55 %[0m. 🚀
[12/13/2020 06:35:47 PM] [NGU] Pump it. Bitcoin up [32m+0.68 %[0m. 🚀
[12/13/2020 06:35:47 PM] [NGU] Pump it. Bitcoin up [32m+0.81 %[0m. 🚀
[12/13/2020 06:35:47 PM] [NGU] Pump it. Bitcoin up [32m+1.60 %[0m. 🚀
[12/13/2020 06:36:02 PM] [NGU] Pump it. Bitcoin up [32m+1.92 %[0m. 🚀
[12/13/2020 06:36:02 PM] [NGU] Pump it. Bitcoin up [32m+1.55 %[0m. 🚀
[12/13/2020 06:36:02 PM] [NGU] Pump it. Bitcoin up [32m+0.68 %[0m. 🚀
[12/13/2020 06:36:02 PM] [NGU] Pump it. Bitcoin up [32m+0.81 %[0m. 🚀
[12/13/2020 06:36:02 PM] [NGU] Pump it. Bitcoin up [32m+1.60 %[0m. 🚀
[12/13/2020 06:36:18 PM] [NGU] Pump it. Bitcoin up [32m+1.92 %[0m. 🚀
[12/13/2020 06:36:18 PM] [NGU] Pump it. Bitcoin up [32m+1.55 %[0m. 🚀
[12/13/2020 06:36:18 PM] [NGU] Pump it. Bitcoin up [32m+0.68 %[0m. 🚀
[12/13/2020 06:36:18 PM] [NGU] Pump it. Bitcoin up [32m+0.81 %[0m. 🚀
[12/13/2020 06:36:18 PM] [NGU] Pump it. Bitcoin up [32m+1.60 %[0m. 🚀
[12/13/2020 06:36:33 PM] [NGU] Pump it. Bitcoin up [32m+1.92 %[0m. 🚀
[12/13/2020 06:36:33 PM] [NGU] Pump it. Bitcoin up [32m+1.56 %[0m. 🚀
[12/13/2020 06:36:33 PM] [NGU] Pump it. Bitcoin up [32m+0.68 %[0m. 🚀
[12/13/2020 06:36:33 PM] [NGU] Pump it. Bitcoin up [32m+0.81 %[0m. 🚀
[12/13/2020 06:36:33 PM] [NGU] Pump it. Bitcoin up [32m+1.60 %[0m. 🚀
[12/13/2020 06:36:48 PM] [NGU] Pump it. Bitcoin up [32m+1.91 %[0m. 🚀
[12/13/2020 06:36:48 PM] [NGU] Pump it. Bitcoin up [32m+1.55 %[0m. 🚀
[12/13/2020 06:36:48 PM] [NGU] Pump it. Bitcoin up [32m+0.68 %[0m. 🚀
[12/13/2020 06:36:48 PM] [NGU] Pump it. Bitcoin up [32m+0.81 %[0m. 🚀
[12/13/2020 06:36:48 PM] [NGU] Pump it. Bitcoin up [32m+1.60 %[0m. 🚀
[12/13/2020 06:36:59 PM] [1;34m[MEMPOOL] [0m[32mA new Bitcoin Block was just found. [0m[33m'Tick. Tock. Next block.'[0m
[12/13/2020 06:37:03 PM] [NGU] Pump it. Bitcoin up [32m+1.92 %[0m. 🚀
[12/13/2020 06:37:03 PM] [NGU] Pump it. Bitcoin up [32m+1.54 %[0m. 🚀
[12/13/2020 06:37:03 PM] [NGU] Pump it. Bitcoin up [32m+0.68 %[0m. 🚀
[12/13/2020 06:37:03 PM] [NGU] Pump it. Bitcoin up [32m+0.81 %[0m. 🚀
[12/13/2020 06:37:03 PM] [NGU] Pump it. Bitcoin up [32m+1.60 %[0m. 🚀
[12/13/2020 06:37:18 PM] [NGU] Pump it. Bitcoin up [32m+1.93 %[0m. 🚀
[12/13/2020 06:37:18 PM] [NGU] Pump it. Bitcoin up [32m+1.57 %[0m. 🚀
[12/13/2020 06:37:18 PM] [NGU] Pump it. Bitcoin up [32m+0.68 %[0m. 🚀
[12/13/2020 06:37:18 PM] [NGU] Pump it. Bitcoin up [32m+0.78 %[0m. 🚀
[12/13/2020 06:37:18 PM] [NGU] Pump it. Bitcoin up [32m+1.60 %[0m. 🚀
[12/13/2020 06:37:32 PM] [1;34m[MEMPOOL] [0m[32mA new Bitcoin Block was just found. [0m[33m'Tick. Tock. Next block.'[0m
[12/13/2020 06:37:32 PM] [NGU] Pump it. Bitcoin up [32m+1.93 %[0m. 🚀
[12/13/2020 06:37:32 PM] [1;34m[MEMPOOL] [0m[32mA new Bitcoin Block was just found. [0m[33m'Tick. Tock. Next block.'[0m
[12/13/2020 06:37:32 PM] [NGU] Pump it. Bitcoin up [32m+1.57 %[0m. 🚀
[12/13/2020 06:37:32 PM] [1;34m[MEMPOOL] [0m[32mA new Bitcoin Block was just found. [0m[33m'Tick. Tock. Next block.'[0m
[12/13/2020 06:37:32 PM] [NGU] Pump it. Bitcoin up [32m+0.68 %[0m. 🚀
[12/13/2020 06:37:32 PM] [1;34m[MEMPOOL] [0m[32mA new Bitcoin Block was just found. [0m[33m'Tick. Tock. Next block.'[0m
[12/13/2020 06:37:32 PM] [NGU] Pump it. Bitcoin up [32m+0.79 %[0m. 🚀
[12/13/2020 06:37:32 PM] [1;34m[MEMPOOL] [0m[32mA new Bitcoin Block was just found. [0m[33m'Tick. Tock. Next block.'[0m
[12/13/2020 06:37:32 PM] [NGU] Pump it. Bitcoin up [32m+1.60 %[0m. 🚀
[12/13/2020 06:37:48 PM] [1;34m[MEMPOOL] [0m[32mA new Bitcoin Block was just found. [0m[33m'Tick. Tock. Next block.'[0m
[12/13/2020 06:37:48 PM] [NGU] Pump it. Bitcoin up [32m+1.93 %[0m. 🚀
[12/13/2020 06:37:48 PM] [1;34m[MEMPOOL] [0m[32mA new Bitcoin Block was just found. [0m[33m'Tick. Tock. Next block.'[0m
[12/13/2020 06:37:48 PM] [NGU] Pump it. Bitcoin up [32m+1.58 %[0m. 🚀
[12/13/2020 06:37:48 PM] [1;34m[MEMPOOL] [0m[32mA new Bitcoin Block was just found. [0m[33m'Tick. Tock. Next block.'[0m
[12/13/2020 06:37:48 PM] [NGU] Pump it. Bitcoin up [32m+1.00 %[0m. 🚀
[12/13/2020 06:37:48 PM] [1;34m[MEMPOOL] [0m[32mA new Bitcoin Block was just found. [0m[33m'Tick. Tock. Next block.'[0m
[12/13/2020 06:37:48 PM] [NGU] Pump it. Bitcoin up [32m+0.82 %[0m. 🚀
[12/13/2020 06:37:48 PM] [1;34m[MEMPOOL] [0m[32mA new Bitcoin Block was just found. [0m[33m'Tick. Tock. Next block.'[0m
[12/13/2020 06:37:48 PM] [NGU] Pump it. Bitcoin up [32m+1.60 %[0m. 🚀
[12/13/2020 06:38:03 PM] [1;34m[NGU] [0m[NGU] Pump it. Bitcoin up [32m+1.96 %[0m. 🚀
[12/13/2020 06:38:03 PM] [1;34m[NGU] [0m[NGU] Pump it. Bitcoin up [32m+1.59 %[0m. 🚀
[12/13/2020 06:38:03 PM] [1;34m[NGU] [0m[NGU] Pump it. Bitcoin up [32m+1.00 %[0m. 🚀
[12/13/2020 06:38:03 PM] [1;34m[NGU] [0m[NGU] Pump it. Bitcoin up [32m+0.83 %[0m. 🚀
[12/13/2020 06:38:03 PM] [1;34m[NGU] [0m[NGU] Pump it. Bitcoin up [32m+1.61 %[0m. 🚀
[12/13/2020 06:38:18 PM] [1;34m[NGU] [0m[NGU] Pump it. Bitcoin up [32m+1.96 %[0m 🚀
[12/13/2020 06:38:18 PM] [1;34m[NGU] [0m[NGU] Pump it. Bitcoin up [32m+1.59 %[0m 🚀
[12/13/2020 06:38:18 PM] [1;34m[NGU] [0m[NGU] Pump it. Bitcoin up [32m+1.00 %[0m 🚀
[12/13/2020 06:38:18 PM] [1;34m[NGU] [0m[NGU] Pump it. Bitcoin up [32m+0.84 %[0m 🚀
[12/13/2020 06:38:18 PM] [1;34m[NGU] [0m[NGU] Pump it. Bitcoin up [32m+1.61 %[0m 🚀
[12/13/2020 06:38:32 PM] [1;34m[NGU] [0m[NGU] Pump it. Bitcoin up [32m+1.95 %[0m 🚀
[12/13/2020 06:38:32 PM] [1;34m[NGU] [0m[NGU] Pump it. Bitcoin up [32m+1.58 %[0m 🚀
[12/13/2020 06:38:32 PM] [1;34m[NGU] [0m[NGU] Pump it. Bitcoin up [32m+0.68 %[0m 🚀
[12/13/2020 06:38:32 PM] [1;34m[NGU] [0m[NGU] Pump it. Bitcoin up [32m+0.84 %[0m 🚀
[12/13/2020 06:38:32 PM] [1;34m[NGU] [0m[NGU] Pump it. Bitcoin up [32m+1.61 %[0m 🚀
[12/13/2020 06:38:48 PM] [1;34m[NGU] [0mPump it. Bitcoin up [32m+1.92 %[0m 🚀
[12/13/2020 06:38:48 PM] [1;34m[NGU] [0mPump it. Bitcoin up [32m+1.57 %[0m 🚀
[12/13/2020 06:38:48 PM] [1;34m[NGU] [0mPump it. Bitcoin up [32m+0.68 %[0m 🚀
[12/13/2020 06:38:48 PM] [1;34m[NGU] [0mPump it. Bitcoin up [32m+0.83 %[0m 🚀
[12/13/2020 06:38:48 PM] [1;34m[NGU] [0mPump it. Bitcoin up [32m+1.61 %[0m 🚀
[12/13/2020 06:39:03 PM] [1;34m[NGU] [0mPump it. Bitcoin up [32m+1.92 %[0m 🚀
[12/13/2020 06:39:03 PM] [1;34m[NGU] [0mPump it. Bitcoin up [32m+1.57 %[0m 🚀
[12/13/2020 06:39:03 PM] [1;34m[NGU] [0mPump it. Bitcoin up [32m+1.01 %[0m 🚀
[12/13/2020 06:39:03 PM] [1;34m[NGU] [0mPump it. Bitcoin up [32m+0.82 %[0m 🚀
[12/13/2020 06:39:03 PM] [1;34m[NGU] [0mPump it. Bitcoin up [32m+1.61 %[0m 🚀
[12/13/2020 06:39:18 PM] [1;34m[NGU] [0mPump it. Bitcoin up [32m+1.93 %[0m 🚀
[12/13/2020 06:39:18 PM] [1;34m[NGU] [0mPump it. Bitcoin up [32m+1.55 %[0m 🚀
[12/13/2020 06:39:18 PM] [1;34m[NGU] [0mPump it. Bitcoin up [32m+0.68 %[0m 🚀
[12/13/2020 06:39:18 PM] [1;34m[NGU] [0mPump it. Bitcoin up [32m+0.82 %[0m 🚀
[12/13/2020 06:39:18 PM] [1;34m[NGU] [0mPump it. Bitcoin up [32m+1.61 %[0m 🚀
[12/13/2020 06:39:29 PM] filedescriptor out of range in select()
[12/13/2020 06:39:33 PM] [1;34m[NGU] [0mPump it. Bitcoin up [32m+1.92 %[0m 🚀
[12/13/2020 06:39:33 PM] [1;34m[NGU] [0mPump it. Bitcoin up [32m+1.54 %[0m 🚀
[12/13/2020 06:39:33 PM] [1;34m[NGU] [0mPump it. Bitcoin up [32m+0.68 %[0m 🚀
[12/13/2020 06:39:33 PM] [1;34m[NGU] [0mPump it. Bitcoin up [32m+0.82 %[0m 🚀
[12/13/2020 06:39:33 PM] [1;34m[NGU] [0mPump it. Bitcoin up [32m+1.61 %[0m 🚀
[12/13/2020 06:41:22 PM] [37m-------------------------------------------[0m
[12/13/2020 06:41:22 PM] [37mStarting main program...[0m
[12/13/2020 06:41:23 PM] [32mTor Connected[0m
[12/13/2020 06:41:35 PM] [1;34m[NGU] [0mPump it. Bitcoin up [32m+1.93 %[0m 🚀
[12/13/2020 06:41:35 PM] [1;34m[NGU] [0mPump it. Bitcoin up [32m+1.55 %[0m 🚀
[12/13/2020 06:41:35 PM] [1;34m[NGU] [0mPump it. Bitcoin up [32m+1.01 %[0m 🚀
[12/13/2020 06:41:35 PM] [1;34m[NGU] [0mPump it. Bitcoin up [32m+0.82 %[0m 🚀
[12/13/2020 06:41:35 PM] [1;34m[NGU] [0mPump it. Bitcoin up [32m+1.61 %[0m 🚀
[12/13/2020 06:41:49 PM] [1;34m[NGU] [0mPump it. Bitcoin up [32m+1.92 %[0m 🚀
[12/13/2020 06:41:49 PM] [1;34m[NGU] [0mPump it. Bitcoin up [32m+1.55 %[0m 🚀
[12/13/2020 06:41:49 PM] [1;34m[NGU] [0mPump it. Bitcoin up [32m+1.01 %[0m 🚀
[12/13/2020 06:41:49 PM] [1;34m[NGU] [0mPump it. Bitcoin up [32m+0.82 %[0m 🚀
[12/13/2020 06:41:49 PM] [1;34m[NGU] [0mPump it. Bitcoin up [32m+1.61 %[0m 🚀
[12/13/2020 06:42:05 PM] [1;34m[NGU] [0mPump it. Bitcoin up [32m+1.92 %[0m 🚀
[12/13/2020 06:42:05 PM] [1;34m[NGU] [0mPump it. Bitcoin up [32m+1.55 %[0m 🚀
[12/13/2020 06:42:05 PM] [1;34m[NGU] [0mPump it. Bitcoin up [32m+1.01 %[0m 🚀
[12/13/2020 06:42:05 PM] [1;34m[NGU] [0mPump it. Bitcoin up [32m+0.83 %[0m 🚀
[12/13/2020 06:42:05 PM] [1;34m[NGU] [0mPump it. Bitcoin up [32m+1.61 %[0m 🚀
[12/13/2020 06:42:20 PM] [1;34m[NGU] [0mPump it. Bitcoin up [32m+1.91 %[0m 🚀
[12/13/2020 06:42:20 PM] [1;34m[NGU] [0mPump it. Bitcoin up [32m+1.55 %[0m 🚀
[12/13/2020 06:42:20 PM] [1;34m[NGU] [0mPump it. Bitcoin up [32m+1.01 %[0m 🚀
[12/13/2020 06:42:20 PM] [1;34m[NGU] [0mPump it. Bitcoin up [32m+0.82 %[0m 🚀
[12/13/2020 06:42:20 PM] [1;34m[NGU] [0mPump it. Bitcoin up [32m+1.61 %[0m 🚀
[12/13/2020 06:42:34 PM] [1;34m[NGU] [0mPump it. Bitcoin up [32m+1.92 %[0m 🚀
[12/13/2020 06:42:34 PM] [1;34m[NGU] [0mPump it. Bitcoin up [32m+1.55 %[0m 🚀
[12/13/2020 06:42:34 PM] [1;34m[NGU] [0mPump it. Bitcoin up [32m+1.01 %[0m 🚀
[12/13/2020 06:42:34 PM] [1;34m[NGU] [0mPump it. Bitcoin up [32m+0.82 %[0m 🚀
[12/13/2020 06:42:34 PM] [1;34m[NGU] [0mPump it. Bitcoin up [32m+1.61 %[0m 🚀
[12/13/2020 06:42:49 PM] [1;34m[NGU] [0mPump it. Bitcoin up [32m+1.91 %[0m 🚀
[12/13/2020 06:42:49 PM] [1;34m[NGU] [0mPump it. Bitcoin up [32m+1.55 %[0m 🚀
[12/13/2020 06:42:49 PM] [1;34m[NGU] [0mPump it. Bitcoin up [32m+1.01 %[0m 🚀
[12/13/2020 06:42:49 PM] [1;34m[NGU] [0mPump it. Bitcoin up [32m+0.81 %[0m 🚀
[12/13/2020 06:42:49 PM] [1;34m[NGU] [0mPump it. Bitcoin up [32m+1.61 %[0m 🚀
[12/13/2020 06:43:07 PM] [1;34m[NGU] [0mPump it. Bitcoin up [32m+1.94 %[0m 🚀
[12/13/2020 06:43:07 PM] [1;34m[NGU] [0mPump it. Bitcoin up [32m+1.55 %[0m 🚀
[12/13/2020 06:43:07 PM] [1;34m[NGU] [0mPump it. Bitcoin up [32m+0.99 %[0m 🚀
[12/13/2020 06:43:07 PM] [1;34m[NGU] [0mPump it. Bitcoin up [32m+0.81 %[0m 🚀
[12/13/2020 06:43:07 PM] [1;34m[NGU] [0mPump it. Bitcoin up [32m+1.61 %[0m 🚀
[12/13/2020 06:43:20 PM] [1;34m[NGU] [0mPump it. Bitcoin up [32m+1.95 %[0m 🚀
[12/13/2020 06:43:20 PM] [1;34m[NGU] [0mPump it. Bitcoin up [32m+1.55 %[0m 🚀
[12/13/2020 06:43:20 PM] [1;34m[NGU] [0mPump it. Bitcoin up [32m+0.99 %[0m 🚀
[12/13/2020 06:43:20 PM] [1;34m[NGU] [0mPump it. Bitcoin up [32m+0.83 %[0m 🚀
[12/13/2020 06:43:20 PM] [1;34m[NGU] [0mPump it. Bitcoin up [32m+1.61 %[0m 🚀
[12/13/2020 06:43:22 PM] No weighted widgets found for Pile treated as a box widget
[12/13/2020 06:43:35 PM] [1;34m[NGU] [0mPump it. Bitcoin up [32m+1.95 %[0m 🚀
[12/13/2020 06:43:35 PM] [1;34m[NGU] [0mPump it. Bitcoin up [32m+1.57 %[0m 🚀
[12/13/2020 06:43:35 PM] [1;34m[NGU] [0mPump it. Bitcoin up [32m+1.00 %[0m 🚀
[12/13/2020 06:43:35 PM] [1;34m[NGU] [0mPump it. Bitcoin up [32m+0.83 %[0m 🚀
[12/13/2020 06:43:35 PM] [1;34m[NGU] [0mPump it. Bitcoin up [32m+1.61 %[0m 🚀
[12/13/2020 06:43:50 PM] [1;34m[NGU] [0mPump it. Bitcoin up [32m+1.96 %[0m 🚀
[12/13/2020 06:43:50 PM] [1;34m[NGU] [0mPump it. Bitcoin up [32m+1.57 %[0m 🚀
[12/13/2020 06:43:50 PM] [1;34m[NGU] [0mPump it. Bitcoin up [32m+1.00 %[0m 🚀
[12/13/2020 06:43:50 PM] [1;34m[NGU] [0mPump it. Bitcoin up [32m+0.86 %[0m 🚀
[12/13/2020 06:43:50 PM] [1;34m[NGU] [0mPump it. Bitcoin up [32m+1.61 %[0m 🚀
[12/13/2020 06:44:05 PM] [1;34m[NGU] [0mPump it. Bitcoin up [32m+1.96 %[0m 🚀
[12/13/2020 06:44:05 PM] [1;34m[NGU] [0mPump it. Bitcoin up [32m+1.57 %[0m 🚀
[12/13/2020 06:44:05 PM] [1;34m[NGU] [0mPump it. Bitcoin up [32m+1.01 %[0m 🚀
[12/13/2020 06:44:05 PM] [1;34m[NGU] [0mPump it. Bitcoin up [32m+0.87 %[0m 🚀
[12/13/2020 06:44:05 PM] [1;34m[NGU] [0mPump it. Bitcoin up [32m+1.61 %[0m 🚀
[12/13/2020 06:44:22 PM] [1;34m[NGU] [0mPump it. Bitcoin up [32m+1.96 %[0m 🚀
[12/13/2020 06:44:22 PM] [1;34m[NGU] [0mPump it. Bitcoin up [32m+1.57 %[0m 🚀
[12/13/2020 06:44:22 PM] [1;34m[NGU] [0mPump it. Bitcoin up [32m+1.01 %[0m 🚀
[12/13/2020 06:44:22 PM] [1;34m[NGU] [0mPump it. Bitcoin up [32m+0.87 %[0m 🚀
[12/13/2020 06:44:22 PM] [1;34m[NGU] [0mPump it. Bitcoin up [32m+1.61 %[0m 🚀
[12/13/2020 06:44:35 PM] [1;34m[NGU] [0mPump it. Bitcoin up [32m+1.96 %[0m 🚀
[12/13/2020 06:44:35 PM] [1;34m[NGU] [0mPump it. Bitcoin up [32m+1.57 %[0m 🚀
[12/13/2020 06:44:35 PM] [1;34m[NGU] [0mPump it. Bitcoin up [32m+1.01 %[0m 🚀
[12/13/2020 06:44:35 PM] [1;34m[NGU] [0mPump it. Bitcoin up [32m+0.88 %[0m 🚀
[12/13/2020 06:44:35 PM] [1;34m[NGU] [0mPump it. Bitcoin up [32m+1.61 %[0m 🚀
[12/13/2020 06:44:50 PM] [1;34m[NGU] [0mPump it. Bitcoin up [32m+1.96 %[0m 🚀
[12/13/2020 06:44:50 PM] [1;34m[NGU] [0mPump it. Bitcoin up [32m+1.58 %[0m 🚀
[12/13/2020 06:44:50 PM] [1;34m[NGU] [0mPump it. Bitcoin up [32m+1.01 %[0m 🚀
[12/13/2020 06:44:50 PM] [1;34m[NGU] [0mPump it. Bitcoin up [32m+0.88 %[0m 🚀
[12/13/2020 06:44:50 PM] [1;34m[NGU] [0mPump it. Bitcoin up [32m+1.61 %[0m 🚀
[12/13/2020 06:45:06 PM] [1;34m[NGU] [0mPump it. Bitcoin up [32m+1.96 %[0m 🚀
[12/13/2020 06:45:06 PM] [1;34m[NGU] [0mPump it. Bitcoin up [32m+1.58 %[0m 🚀
[12/13/2020 06:45:06 PM] [1;34m[NGU] [0mPump it. Bitcoin up [32m+1.01 %[0m 🚀
[12/13/2020 06:45:06 PM] [1;34m[NGU] [0mPump it. Bitcoin up [32m+0.86 %[0m 🚀
[12/13/2020 06:45:06 PM] [1;34m[NGU] [0mPump it. Bitcoin up [32m+1.61 %[0m 🚀
[12/13/2020 06:45:20 PM] [1;34m[NGU] [0mPump it. Bitcoin up [32m+1.96 %[0m 🚀
[12/13/2020 06:45:20 PM] [1;34m[NGU] [0mPump it. Bitcoin up [32m+1.58 %[0m 🚀
[12/13/2020 06:45:20 PM] [1;34m[NGU] [0mPump it. Bitcoin up [32m+1.01 %[0m 🚀
[12/13/2020 06:45:20 PM] [1;34m[NGU] [0mPump it. Bitcoin up [32m+0.88 %[0m 🚀
[12/13/2020 06:45:20 PM] [1;34m[NGU] [0mPump it. Bitcoin up [32m+1.61 %[0m 🚀
[12/13/2020 06:45:35 PM] [1;34m[NGU] [0mPump it. Bitcoin up [32m+1.96 %[0m 🚀
[12/13/2020 06:45:35 PM] [1;34m[NGU] [0mPump it. Bitcoin up [32m+1.60 %[0m 🚀
[12/13/2020 06:45:35 PM] [1;34m[NGU] [0mPump it. Bitcoin up [32m+1.01 %[0m 🚀
[12/13/2020 06:45:35 PM] [1;34m[NGU] [0mPump it. Bitcoin up [32m+0.86 %[0m 🚀
[12/13/2020 06:45:35 PM] [1;34m[NGU] [0mPump it. Bitcoin up [32m+1.61 %[0m 🚀
[12/13/2020 06:45:50 PM] [1;34m[NGU] [0mPump it. Bitcoin up [32m+1.96 %[0m 🚀
[12/13/2020 06:45:50 PM] [1;34m[NGU] [0mPump it. Bitcoin up [32m+1.60 %[0m 🚀
[12/13/2020 06:45:50 PM] [1;34m[NGU] [0mPump it. Bitcoin up [32m+1.01 %[0m 🚀
[12/13/2020 06:45:50 PM] [1;34m[NGU] [0mPump it. Bitcoin up [32m+0.88 %[0m 🚀
[12/13/2020 06:45:50 PM] [1;34m[NGU] [0mPump it. Bitcoin up [32m+1.61 %[0m 🚀
[12/13/2020 06:46:06 PM] [1;34m[NGU] [0mPump it. Bitcoin up [32m+1.96 %[0m 🚀
[12/13/2020 06:46:06 PM] [1;34m[NGU] [0mPump it. Bitcoin up [32m+1.60 %[0m 🚀
[12/13/2020 06:46:06 PM] [1;34m[NGU] [0mPump it. Bitcoin up [32m+1.01 %[0m 🚀
[12/13/2020 06:46:06 PM] [1;34m[NGU] [0mPump it. Bitcoin up [32m+0.88 %[0m 🚀
[12/13/2020 06:46:06 PM] [1;34m[NGU] [0mPump it. Bitcoin up [32m+1.61 %[0m 🚀
[12/13/2020 06:46:19 PM] [1;34m[NGU] [0mPump it. Bitcoin up [32m+1.97 %[0m 🚀
[12/13/2020 06:46:19 PM] [1;34m[NGU] [0mPump it. Bitcoin up [32m+1.59 %[0m 🚀
[12/13/2020 06:46:20 PM] [1;34m[NGU] [0mPump it. Bitcoin up [32m+1.01 %[0m 🚀
[12/13/2020 06:46:20 PM] [1;34m[NGU] [0mPump it. Bitcoin up [32m+0.88 %[0m 🚀
[12/13/2020 06:46:20 PM] [1;34m[NGU] [0mPump it. Bitcoin up [32m+1.61 %[0m 🚀
[12/13/2020 06:46:36 PM] [1;34m[NGU] [0mPump it. Bitcoin up [32m+1.97 %[0m 🚀
[12/13/2020 06:46:36 PM] [1;34m[NGU] [0mPump it. Bitcoin up [32m+1.58 %[0m 🚀
[12/13/2020 06:46:36 PM] [1;34m[NGU] [0mPump it. Bitcoin up [32m+1.00 %[0m 🚀
[12/13/2020 06:46:36 PM] [1;34m[NGU] [0mPump it. Bitcoin up [32m+0.88 %[0m 🚀
[12/13/2020 06:46:36 PM] [1;34m[NGU] [0mPump it. Bitcoin up [32m+1.61 %[0m 🚀
[12/13/2020 06:46:51 PM] [1;34m[NGU] [0mPump it. Bitcoin up [32m+1.96 %[0m 🚀
[12/13/2020 06:46:51 PM] [1;34m[NGU] [0mPump it. Bitcoin up [32m+1.59 %[0m 🚀
[12/13/2020 06:46:51 PM] [1;34m[NGU] [0mPump it. Bitcoin up [32m+1.00 %[0m 🚀
[12/13/2020 06:46:51 PM] [1;34m[NGU] [0mPump it. Bitcoin up [32m+0.88 %[0m 🚀
[12/13/2020 06:46:51 PM] [1;34m[NGU] [0mPump it. Bitcoin up [32m+1.61 %[0m 🚀
[12/13/2020 06:47:06 PM] [1;34m[NGU] [0mPump it. Bitcoin up [32m+1.96 %[0m 🚀
[12/13/2020 06:47:06 PM] [1;34m[NGU] [0mPump it. Bitcoin up [32m+1.58 %[0m 🚀
[12/13/2020 06:47:06 PM] [1;34m[NGU] [0mPump it. Bitcoin up [32m+1.00 %[0m 🚀
[12/13/2020 06:47:06 PM] [1;34m[NGU] [0mPump it. Bitcoin up [32m+0.88 %[0m 🚀
[12/13/2020 06:47:06 PM] [1;34m[NGU] [0mPump it. Bitcoin up [32m+1.61 %[0m 🚀
[12/13/2020 06:47:20 PM] [1;34m[NGU] [0mPump it. Bitcoin up [32m+1.97 %[0m 🚀
[12/13/2020 06:47:20 PM] [1;34m[NGU] [0mPump it. Bitcoin up [32m+1.58 %[0m 🚀
[12/13/2020 06:47:20 PM] [1;34m[NGU] [0mPump it. Bitcoin up [32m+1.00 %[0m 🚀
[12/13/2020 06:47:20 PM] [1;34m[NGU] [0mPump it. Bitcoin up [32m+0.88 %[0m 🚀
[12/13/2020 06:47:20 PM] [1;34m[NGU] [0mPump it. Bitcoin up [32m+1.61 %[0m 🚀
[12/13/2020 06:47:35 PM] [1;34m[NGU] [0mPump it. Bitcoin up [32m+1.93 %[0m 🚀
[12/13/2020 06:47:35 PM] [1;34m[NGU] [0mPump it. Bitcoin up [32m+1.57 %[0m 🚀
[12/13/2020 06:47:35 PM] [1;34m[NGU] [0mPump it. Bitcoin up [32m+0.70 %[0m 🚀
[12/13/2020 06:47:35 PM] [1;34m[NGU] [0mPump it. Bitcoin up [32m+0.86 %[0m 🚀
[12/13/2020 06:47:35 PM] [1;34m[NGU] [0mPump it. Bitcoin up [32m+1.60 %[0m 🚀
[12/13/2020 06:47:50 PM] [1;34m[NGU] [0mPump it. Bitcoin up [32m+1.92 %[0m 🚀
[12/13/2020 06:47:50 PM] [1;34m[NGU] [0mPump it. Bitcoin up [32m+1.56 %[0m 🚀
[12/13/2020 06:47:50 PM] [1;34m[NGU] [0mPump it. Bitcoin up [32m+0.70 %[0m 🚀
[12/13/2020 06:47:50 PM] [1;34m[NGU] [0mPump it. Bitcoin up [32m+0.85 %[0m 🚀
[12/13/2020 06:47:50 PM] [1;34m[NGU] [0mPump it. Bitcoin up [32m+1.60 %[0m 🚀
[12/13/2020 06:48:06 PM] [1;34m[NGU] [0mPump it. Bitcoin up [32m+1.92 %[0m 🚀
[12/13/2020 06:48:06 PM] [1;34m[NGU] [0mPump it. Bitcoin up [32m+1.56 %[0m 🚀
[12/13/2020 06:48:06 PM] [1;34m[NGU] [0mPump it. Bitcoin up [32m+0.70 %[0m 🚀
[12/13/2020 06:48:06 PM] [1;34m[NGU] [0mPump it. Bitcoin up [32m+0.84 %[0m 🚀
[12/13/2020 06:48:06 PM] [1;34m[NGU] [0mPump it. Bitcoin up [32m+1.60 %[0m 🚀
[12/13/2020 06:48:21 PM] [1;34m[NGU] [0mPump it. Bitcoin up [32m+1.92 %[0m 🚀
[12/13/2020 06:48:21 PM] [1;34m[NGU] [0mPump it. Bitcoin up [32m+1.55 %[0m 🚀
[12/13/2020 06:48:21 PM] [1;34m[NGU] [0mPump it. Bitcoin up [32m+0.70 %[0m 🚀
[12/13/2020 06:48:21 PM] [1;34m[NGU] [0mPump it. Bitcoin up [32m+0.83 %[0m 🚀
[12/13/2020 06:48:21 PM] [1;34m[NGU] [0mPump it. Bitcoin up [32m+1.60 %[0m 🚀
[12/13/2020 06:48:36 PM] [1;34m[NGU] [0mPump it. Bitcoin up [32m+1.92 %[0m 🚀
[12/13/2020 06:48:36 PM] [1;34m[NGU] [0mPump it. Bitcoin up [32m+1.56 %[0m 🚀
[12/13/2020 06:48:36 PM] [1;34m[NGU] [0mPump it. Bitcoin up [32m+0.70 %[0m 🚀
[12/13/2020 06:48:36 PM] [1;34m[NGU] [0mPump it. Bitcoin up [32m+0.83 %[0m 🚀
[12/13/2020 06:48:36 PM] [1;34m[NGU] [0mPump it. Bitcoin up [32m+1.60 %[0m 🚀
[12/13/2020 06:48:53 PM] [1;34m[NGU] [0mPump it. Bitcoin up [32m+1.93 %[0m 🚀
[12/13/2020 06:48:53 PM] [1;34m[NGU] [0mPump it. Bitcoin up [32m+1.56 %[0m 🚀
[12/13/2020 06:48:53 PM] [1;34m[NGU] [0mPump it. Bitcoin up [32m+0.70 %[0m 🚀
[12/13/2020 06:48:53 PM] [1;34m[NGU] [0mPump it. Bitcoin up [32m+0.83 %[0m 🚀
[12/13/2020 06:48:53 PM] [1;34m[NGU] [0mPump it. Bitcoin up [32m+1.60 %[0m 🚀
[12/13/2020 06:49:07 PM] [1;34m[NGU] [0mPump it. Bitcoin up [32m+1.91 %[0m 🚀
[12/13/2020 06:49:07 PM] [1;34m[NGU] [0mPump it. Bitcoin up [32m+1.57 %[0m 🚀
[12/13/2020 06:49:07 PM] [1;34m[NGU] [0mPump it. Bitcoin up [32m+0.68 %[0m 🚀
[12/13/2020 06:49:07 PM] [1;34m[NGU] [0mPump it. Bitcoin up [32m+0.83 %[0m 🚀
[12/13/2020 06:49:07 PM] [1;34m[NGU] [0mPump it. Bitcoin up [32m+1.53 %[0m 🚀
[12/13/2020 06:49:21 PM] [1;34m[MEMPOOL] [0m[32mA new Bitcoin Block was just found. [0m[33m'Tick. Tock. Next block.'[0m
[12/13/2020 06:49:22 PM] [1;34m[NGU] [0mPump it. Bitcoin up [32m+1.92 %[0m 🚀
[12/13/2020 06:49:22 PM] [1;34m[NGU] [0mPump it. Bitcoin up [32m+1.54 %[0m 🚀
[12/13/2020 06:49:22 PM] [1;34m[NGU] [0mPump it. Bitcoin up [32m+0.68 %[0m 🚀
[12/13/2020 06:49:22 PM] [1;34m[NGU] [0mPump it. Bitcoin up [32m+0.83 %[0m 🚀
[12/13/2020 06:49:22 PM] [1;34m[NGU] [0mPump it. Bitcoin up [32m+1.53 %[0m 🚀
[12/13/2020 06:49:35 PM] [1;34m[NGU] [0mPump it. Bitcoin up [32m+1.92 %[0m 🚀
[12/13/2020 06:49:35 PM] [1;34m[NGU] [0mPump it. Bitcoin up [32m+1.54 %[0m 🚀
[12/13/2020 06:49:35 PM] [1;34m[NGU] [0mPump it. Bitcoin up [32m+0.99 %[0m 🚀
[12/13/2020 06:49:35 PM] [1;34m[NGU] [0mPump it. Bitcoin up [32m+0.83 %[0m 🚀
[12/13/2020 06:49:35 PM] [1;34m[NGU] [0mPump it. Bitcoin up [32m+1.53 %[0m 🚀
[12/13/2020 06:49:51 PM] [1;34m[NGU] [0mPump it. Bitcoin up [32m+1.95 %[0m 🚀
[12/13/2020 06:49:51 PM] [1;34m[NGU] [0mPump it. Bitcoin up [32m+1.54 %[0m 🚀
[12/13/2020 06:49:51 PM] [1;34m[NGU] [0mPump it. Bitcoin up [32m+0.68 %[0m 🚀
[12/13/2020 06:49:51 PM] [1;34m[NGU] [0mPump it. Bitcoin up [32m+0.84 %[0m 🚀
[12/13/2020 06:49:51 PM] [1;34m[NGU] [0mPump it. Bitcoin up [32m+1.53 %[0m 🚀
[12/13/2020 06:50:07 PM] [1;34m[NGU] [0mPump it. Bitcoin up [32m+1.92 %[0m 🚀
[12/13/2020 06:50:07 PM] [1;34m[NGU] [0mPump it. Bitcoin up [32m+1.55 %[0m 🚀
[12/13/2020 06:50:07 PM] [1;34m[NGU] [0mPump it. Bitcoin up [32m+0.68 %[0m 🚀
[12/13/2020 06:50:07 PM] [1;34m[NGU] [0mPump it. Bitcoin up [32m+0.80 %[0m 🚀
[12/13/2020 06:50:07 PM] [1;34m[NGU] [0mPump it. Bitcoin up [32m+1.53 %[0m 🚀
[12/13/2020 06:50:21 PM] can only concatenate str (not "datetime.timedelta") to str
[12/13/2020 06:50:21 PM] [1;34m[NGU] [0mPump it. Bitcoin up [32m+1.92 %[0m 🚀
[12/13/2020 06:50:21 PM] [1;34m[NGU] [0mPump it. Bitcoin up [32m+1.55 %[0m 🚀
[12/13/2020 06:50:21 PM] [1;34m[NGU] [0mPump it. Bitcoin up [32m+0.68 %[0m 🚀
[12/13/2020 06:50:21 PM] [1;34m[NGU] [0mPump it. Bitcoin up [32m+0.83 %[0m 🚀
[12/13/2020 06:50:21 PM] [1;34m[NGU] [0mPump it. Bitcoin up [32m+1.53 %[0m 🚀
[12/13/2020 06:50:36 PM] can only concatenate str (not "datetime.timedelta") to str
[12/13/2020 06:50:36 PM] [1;34m[NGU] [0mPump it. Bitcoin up [32m+1.92 %[0m 🚀
[12/13/2020 06:50:36 PM] [1;34m[NGU] [0mPump it. Bitcoin up [32m+1.54 %[0m 🚀
[12/13/2020 06:50:36 PM] [1;34m[NGU] [0mPump it. Bitcoin up [32m+0.68 %[0m 🚀
[12/13/2020 06:50:36 PM] [1;34m[NGU] [0mPump it. Bitcoin up [32m+0.79 %[0m 🚀
[12/13/2020 06:50:36 PM] [1;34m[NGU] [0mPump it. Bitcoin up [32m+1.53 %[0m 🚀
[12/13/2020 06:50:52 PM] can only concatenate str (not "datetime.timedelta") to str
[12/13/2020 06:50:52 PM] [1;34m[NGU] [0mPump it. Bitcoin up [32m+1.92 %[0m 🚀
[12/13/2020 06:50:52 PM] [1;34m[NGU] [0mPump it. Bitcoin up [32m+1.53 %[0m 🚀
[12/13/2020 06:50:52 PM] [1;34m[NGU] [0mPump it. Bitcoin up [32m+0.68 %[0m 🚀
[12/13/2020 06:50:52 PM] [1;34m[NGU] [0mPump it. Bitcoin up [32m+0.82 %[0m 🚀
[12/13/2020 06:50:52 PM] [1;34m[NGU] [0mPump it. Bitcoin up [32m+1.53 %[0m 🚀
[12/13/2020 06:51:06 PM] can only concatenate str (not "datetime.timedelta") to str
[12/13/2020 06:51:06 PM] [1;34m[NGU] [0mPump it. Bitcoin up [32m+1.92 %[0m 🚀
[12/13/2020 06:51:06 PM] [1;34m[NGU] [0mPump it. Bitcoin up [32m+1.54 %[0m 🚀
[12/13/2020 06:51:06 PM] [1;34m[NGU] [0mPump it. Bitcoin up [32m+0.68 %[0m 🚀
[12/13/2020 06:51:06 PM] [1;34m[NGU] [0mPump it. Bitcoin up [32m+0.82 %[0m 🚀
[12/13/2020 06:51:06 PM] [1;34m[NGU] [0mPump it. Bitcoin up [32m+1.54 %[0m 🚀
[12/13/2020 06:51:21 PM] can only concatenate str (not "datetime.timedelta") to str
[12/13/2020 06:51:21 PM] [1;34m[NGU] [0mPump it. Bitcoin up [32m+1.92 %[0m 🚀
[12/13/2020 06:51:21 PM] [1;34m[NGU] [0mPump it. Bitcoin up [32m+1.54 %[0m 🚀
[12/13/2020 06:51:21 PM] [1;34m[NGU] [0mPump it. Bitcoin up [32m+0.68 %[0m 🚀
[12/13/2020 06:51:21 PM] [1;34m[NGU] [0mPump it. Bitcoin up [32m+0.80 %[0m 🚀
[12/13/2020 06:51:21 PM] [1;34m[NGU] [0mPump it. Bitcoin up [32m+1.54 %[0m 🚀
[12/13/2020 06:51:36 PM] can only concatenate str (not "datetime.timedelta") to str
[12/13/2020 06:51:36 PM] [1;34m[NGU] [0mPump it. Bitcoin up [32m+1.92 %[0m 🚀
[12/13/2020 06:51:36 PM] [1;34m[NGU] [0mPump it. Bitcoin up [32m+1.54 %[0m 🚀
[12/13/2020 06:51:36 PM] [1;34m[NGU] [0mPump it. Bitcoin up [32m+0.68 %[0m 🚀
[12/13/2020 06:51:36 PM] [1;34m[NGU] [0mPump it. Bitcoin up [32m+0.82 %[0m 🚀
[12/13/2020 06:51:36 PM] [1;34m[NGU] [0mPump it. Bitcoin up [32m+1.54 %[0m 🚀
[12/13/2020 06:51:52 PM] can only concatenate str (not "datetime.timedelta") to str
[12/13/2020 06:51:52 PM] [1;34m[NGU] [0mPump it. Bitcoin up [32m+1.92 %[0m 🚀
[12/13/2020 06:51:52 PM] [1;34m[NGU] [0mPump it. Bitcoin up [32m+1.54 %[0m 🚀
[12/13/2020 06:51:52 PM] [1;34m[NGU] [0mPump it. Bitcoin up [32m+0.99 %[0m 🚀
[12/13/2020 06:51:52 PM] [1;34m[NGU] [0mPump it. Bitcoin up [32m+0.82 %[0m 🚀
[12/13/2020 06:51:52 PM] [1;34m[NGU] [0mPump it. Bitcoin up [32m+1.54 %[0m 🚀
[12/13/2020 06:52:03 PM] [37m-------------------------------------------[0m
[12/13/2020 06:52:03 PM] [37mStarting main program...[0m
[12/13/2020 06:52:05 PM] [32mTor Connected[0m
[12/13/2020 06:52:16 PM] can only concatenate str (not "datetime.timedelta") to str
[12/13/2020 06:52:16 PM] [1;34m[NGU] [0mPump it. Bitcoin up [32m+1.93 %[0m 🚀
[12/13/2020 06:52:16 PM] [1;34m[NGU] [0mPump it. Bitcoin up [32m+1.55 %[0m 🚀
[12/13/2020 06:52:16 PM] [1;34m[NGU] [0mPump it. Bitcoin up [32m+1.00 %[0m 🚀
[12/13/2020 06:52:16 PM] [1;34m[NGU] [0mPump it. Bitcoin up [32m+0.82 %[0m 🚀
[12/13/2020 06:52:16 PM] [1;34m[NGU] [0mPump it. Bitcoin up [32m+1.54 %[0m 🚀
[12/13/2020 06:52:32 PM] can only concatenate str (not "datetime.timedelta") to str
[12/13/2020 06:52:32 PM] [1;34m[NGU] [0mPump it. Bitcoin up [32m+1.91 %[0m 🚀
[12/13/2020 06:52:32 PM] [1;34m[NGU] [0mPump it. Bitcoin up [32m+1.54 %[0m 🚀
[12/13/2020 06:52:32 PM] [1;34m[NGU] [0mPump it. Bitcoin up [32m+1.00 %[0m 🚀
[12/13/2020 06:52:32 PM] [1;34m[NGU] [0mPump it. Bitcoin up [32m+0.80 %[0m 🚀
[12/13/2020 06:52:32 PM] [1;34m[NGU] [0mPump it. Bitcoin up [32m+1.54 %[0m 🚀
[12/13/2020 06:52:47 PM] can only concatenate str (not "datetime.timedelta") to str
[12/13/2020 06:52:47 PM] [1;34m[NGU] [0mPump it. Bitcoin up [32m+1.92 %[0m 🚀
[12/13/2020 06:52:47 PM] [1;34m[NGU] [0mPump it. Bitcoin up [32m+1.55 %[0m 🚀
[12/13/2020 06:52:47 PM] [1;34m[NGU] [0mPump it. Bitcoin up [32m+1.00 %[0m 🚀
[12/13/2020 06:52:47 PM] [1;34m[NGU] [0mPump it. Bitcoin up [32m+0.82 %[0m 🚀
[12/13/2020 06:52:47 PM] [1;34m[NGU] [0mPump it. Bitcoin up [32m+1.54 %[0m 🚀
[12/13/2020 06:53:01 PM] can only concatenate str (not "datetime.timedelta") to str
[12/13/2020 06:53:01 PM] [1;34m[NGU] [0mPump it. Bitcoin up [32m+1.92 %[0m 🚀
[12/13/2020 06:53:01 PM] [1;34m[NGU] [0mPump it. Bitcoin up [32m+1.54 %[0m 🚀
[12/13/2020 06:53:01 PM] [1;34m[NGU] [0mPump it. Bitcoin up [32m+1.00 %[0m 🚀
[12/13/2020 06:53:01 PM] [1;34m[NGU] [0mPump it. Bitcoin up [32m+0.79 %[0m 🚀
[12/13/2020 06:53:01 PM] [1;34m[NGU] [0mPump it. Bitcoin up [32m+1.54 %[0m 🚀
[12/13/2020 06:53:16 PM] can only concatenate str (not "datetime.timedelta") to str
[12/13/2020 06:53:16 PM] [1;34m[NGU] [0mPump it. Bitcoin up [32m+1.92 %[0m 🚀
[12/13/2020 06:53:16 PM] [1;34m[NGU] [0mPump it. Bitcoin up [32m+1.55 %[0m 🚀
[12/13/2020 06:53:16 PM] [1;34m[NGU] [0mPump it. Bitcoin up [32m+1.00 %[0m 🚀
[12/13/2020 06:53:16 PM] [1;34m[NGU] [0mPump it. Bitcoin up [32m+0.82 %[0m 🚀
[12/13/2020 06:53:16 PM] [1;34m[NGU] [0mPump it. Bitcoin up [32m+1.54 %[0m 🚀
[12/13/2020 06:53:31 PM] can only concatenate str (not "datetime.timedelta") to str
[12/13/2020 06:53:31 PM] [1;34m[NGU] [0mPump it. Bitcoin up [32m+1.92 %[0m 🚀
[12/13/2020 06:53:31 PM] [1;34m[NGU] [0mPump it. Bitcoin up [32m+1.55 %[0m 🚀
[12/13/2020 06:53:31 PM] [1;34m[NGU] [0mPump it. Bitcoin up [32m+1.00 %[0m 🚀
[12/13/2020 06:53:31 PM] [1;34m[NGU] [0mPump it. Bitcoin up [32m+0.82 %[0m 🚀
[12/13/2020 06:53:31 PM] [1;34m[NGU] [0mPump it. Bitcoin up [32m+1.54 %[0m 🚀
[12/13/2020 06:54:22 PM] No weighted widgets found for Pile treated as a box widget
[12/13/2020 06:54:23 PM] [37m-------------------------------------------[0m
[12/13/2020 06:54:23 PM] [37mStarting main program...[0m
[12/13/2020 06:54:25 PM] [32mTor Connected[0m
[12/13/2020 06:56:20 PM] [37m-------------------------------------------[0m
[12/13/2020 06:56:20 PM] [37mStarting main program...[0m
[12/13/2020 06:56:22 PM] [32mTor Connected[0m
[12/13/2020 06:58:45 PM] [1;34m[MEMPOOL] [0m[32mA new Bitcoin Block was just found. [0m[33m'Tick. Tock. Next block.'[0m
[12/13/2020 07:04:17 PM] [1;34m[MEMPOOL] [0m[32mA new Bitcoin Block was just found. [0m[33m'Tick. Tock. Next block.'[0m
[12/13/2020 07:04:48 PM] [37m-------------------------------------------[0m
[12/13/2020 07:04:48 PM] [37mStarting main program...[0m
[12/13/2020 07:04:49 PM] [32mTor Connected[0m
[12/13/2020 07:05:26 PM] [1;34m[MAIN][0m[37mError: [0m[33mcheck_for_pump() takes 0 positional arguments but 2 were given[0m
[12/13/2020 07:07:09 PM] [37m-------------------------------------------[0m
[12/13/2020 07:07:09 PM] [37mStarting main program...[0m
[12/13/2020 07:07:10 PM] [32mTor Connected[0m
[12/13/2020 07:07:17 PM] [1;34m[MAIN][0m[37mError: [0m[33mmultiple_price_grab() missing 1 required positional argument: 'fx'[0m
[12/13/2020 07:08:10 PM] [37m-------------------------------------------[0m
[12/13/2020 07:08:10 PM] [37mStarting main program...[0m
[12/13/2020 07:08:12 PM] [32mTor Connected[0m
[12/13/2020 07:08:23 PM] [1;34m[MAIN] [0m[37mError: [0m[33mname 'fx' is not defined[0m
[12/13/2020 07:08:43 PM] [37m-------------------------------------------[0m
[12/13/2020 07:08:43 PM] [37mStarting main program...[0m
[12/13/2020 07:08:45 PM] [32mTor Connected[0m
[12/13/2020 07:08:56 PM] [1;34m[MAIN] [0m[37mError: [0m[33mname 'fx' is not defined[0m
[12/13/2020 07:09:04 PM] [37m-------------------------------------------[0m
[12/13/2020 07:09:04 PM] [37mStarting main program...[0m
[12/13/2020 07:09:06 PM] [32mTor Connected[0m
[12/13/2020 07:09:17 PM] $ 19,163.4
[12/13/2020 07:10:53 PM] [37m-------------------------------------------[0m
[12/13/2020 07:10:53 PM] [37mStarting main program...[0m
[12/13/2020 07:10:55 PM] [32mTor Connected[0m
[12/13/2020 07:11:32 PM] [1;34m[MAIN] [0m[37mError: [0m[33mcheck_for_pump() takes 0 positional arguments but 2 were given[0m
[12/13/2020 07:12:10 PM] [37m-------------------------------------------[0m
[12/13/2020 07:12:10 PM] [37mStarting main program...[0m
[12/13/2020 07:12:12 PM] [32mTor Connected[0m
[12/13/2020 07:12:54 PM] $ 19,160.0
[12/13/2020 07:13:27 PM] $ 19,160.5
[12/13/2020 07:13:43 PM] [1;34m[MEMPOOL] [0m[32mA new Bitcoin Block was just found. [0m[33m'Tick. Tock. Next block.'[0m
[12/13/2020 07:14:01 PM] $ 19,162.1
[12/13/2020 07:14:35 PM] $ 19,161.0
[12/13/2020 07:15:09 PM] $ 19,157.7
[12/13/2020 07:15:42 PM] $ 19,152.5
[12/13/2020 07:16:16 PM] $ 19,132.5
[12/13/2020 07:16:49 PM] $ 19,126.2
[12/13/2020 07:17:22 PM] $ 19,056.3
[12/13/2020 07:17:56 PM] $ 19,052.8
[12/13/2020 07:18:30 PM] $ 19,060.5
[12/13/2020 07:18:38 PM] [37m-------------------------------------------[0m
[12/13/2020 07:18:38 PM] [37mStarting main program...[0m
[12/13/2020 07:18:41 PM] [32mTor Connected[0m
[12/13/2020 07:19:21 PM] [1;34m[NGU] [0m[37m Looks like Bitcoin is pumping [0m🚀[33mprice: $ 19,056.1[0m[32m1.28[0m
[12/13/2020 07:20:08 PM] [37m-------------------------------------------[0m
[12/13/2020 07:20:08 PM] [37mStarting main program...[0m
[12/13/2020 07:20:10 PM] [32mTor Connected[0m
[12/13/2020 07:20:50 PM] [1;34m[NGU] [0m[37mLooks like Bitcoin is pumping [0m🚀[33m  $ 19,045.8[0m[32m  +1.23%[0m
[12/13/2020 07:21:21 PM] [37m-------------------------------------------[0m
[12/13/2020 07:21:21 PM] [37mStarting main program...[0m
[12/13/2020 07:21:22 PM] [32mTor Connected[0m
[12/13/2020 07:21:45 PM] [1;34m[MEMPOOL] [0m[32mA new Bitcoin Block was just found. [0m[33m'Tick. Tock. Next block.'[0m
[12/13/2020 07:22:03 PM] [1;34m[NGU] [0m[37mLooks like Bitcoin is pumping [0m🚀[33m  $ 19,007.7[0m[32m  +1.02%[0m
[12/13/2020 07:22:03 PM] [1;34m[MAIN] [0m[37mError: [0m[33mbad operand type for unary +: 'str'[0m
[12/13/2020 07:22:20 PM] [1;34m[MEMPOOL] [0m[32mA new Bitcoin Block was just found. [0m[33m'Tick. Tock. Next block.'[0m
[12/13/2020 07:22:38 PM] [37m-------------------------------------------[0m
[12/13/2020 07:22:38 PM] [37mStarting main program...[0m
[12/13/2020 07:22:41 PM] [32mTor Connected[0m
[12/13/2020 07:23:21 PM] [1;34m[NGU] [0m[37mLooks like Bitcoin is pumping [0m🚀[33m  $ 19,026.3[0m[32m  +1.12%[0m
[12/13/2020 07:23:21 PM] [1;34m[NGU] [0m[37mLooks like Bitcoin is dropping. Time to stack some sats. [0m[33m  $ 19,026.3[0m[31m  1.12%[0m
[12/13/2020 07:27:09 PM] [1;34m[MAIN] [0m[37mError: [0m[33mNo weighted widgets found for Pile treated as a box widget[0m
[12/13/2020 07:28:08 PM] [1;34m[MEMPOOL] [0m[32mA new Bitcoin Block was just found. [0m[33m'Tick. Tock. Next block.'[0m
[12/13/2020 07:28:24 PM] [1;34m[NGU] [0m[37mLooks like Bitcoin is pumping [0m🚀[33m  $ 19,012.8[0m[32m  +1.05%[0m
[12/13/2020 07:28:24 PM] [1;34m[NGU] [0m[37mLooks like Bitcoin is dropping. Time to stack some sats. [0m[33m  $ 19,012.8[0m[31m  1.05%[0m
[12/13/2020 07:28:48 PM] [37m-------------------------------------------[0m
[12/13/2020 07:28:48 PM] [37mStarting main program...[0m
[12/13/2020 07:28:49 PM] [32mTor Connected[0m
[12/13/2020 07:28:58 PM] [1;34m[MAIN] [0m[37mError: [0m[33mNo weighted widgets found for Pile treated as a box widget[0m
[12/13/2020 07:29:12 PM] [37m-------------------------------------------[0m
[12/13/2020 07:29:12 PM] [37mStarting main program...[0m
[12/13/2020 07:29:14 PM] [32mTor Connected[0m
[12/13/2020 07:29:54 PM] [1;34m[NGU] [0m[37mLooks like Bitcoin is pumping [0m🚀[33m $ 18,995.7[0m[32m +0.96%[0m
[12/13/2020 07:30:20 PM] [37m-------------------------------------------[0m
[12/13/2020 07:30:20 PM] [37mStarting main program...[0m
[12/13/2020 07:30:21 PM] [32mTor Connected[0m
